<?xml version="1.0" encoding="UTF-8"?>
<coverage generated="1630425399956" clover="3.2.0">
  <project timestamp="1630425399956" name="All files">
    <metrics statements="60" coveredstatements="60" conditionals="28" coveredconditionals="28" methods="9" coveredmethods="9" elements="97" coveredelements="97" complexity="0" loc="60" ncloc="60" packages="2" files="3" classes="3"/>
    <package name="account.services">
      <metrics statements="12" coveredstatements="12" conditionals="5" coveredconditionals="5" methods="3" coveredmethods="3"/>
      <file name="GetAccountByIdService.ts" path="/user/app/src/modules/account/services/GetAccountByIdService.ts">
        <metrics statements="12" coveredstatements="12" conditionals="5" coveredconditionals="5" methods="3" coveredmethods="3"/>
        <line num="1" count="1" type="stmt"/>
        <line num="3" count="1" type="stmt"/>
        <line num="6" count="1" type="stmt"/>
        <line num="10" count="1" type="stmt"/>
        <line num="13" count="2" type="stmt"/>
        <line num="16" count="1" type="stmt"/>
        <line num="17" count="2" type="cond" truecount="1" falsecount="0"/>
        <line num="19" count="2" type="cond" truecount="4" falsecount="0"/>
        <line num="20" count="1" type="stmt"/>
        <line num="23" count="1" type="stmt"/>
        <line num="25" count="1" type="stmt"/>
        <line num="27" count="1" type="stmt"/>
      </file>
    </package>
    <package name="transaction.services">
      <metrics statements="48" coveredstatements="48" conditionals="23" coveredconditionals="23" methods="6" coveredmethods="6"/>
      <file name="DepositMoneyService.ts" path="/user/app/src/modules/transaction/services/DepositMoneyService.ts">
        <metrics statements="22" coveredstatements="22" conditionals="10" coveredconditionals="10" methods="3" coveredmethods="3"/>
        <line num="1" count="1" type="stmt"/>
        <line num="3" count="1" type="stmt"/>
        <line num="9" count="1" type="stmt"/>
        <line num="17" count="1" type="stmt"/>
        <line num="20" count="4" type="stmt"/>
        <line num="23" count="4" type="stmt"/>
        <line num="26" count="1" type="stmt"/>
        <line num="27" count="4" type="stmt"/>
        <line num="28" count="4" type="stmt"/>
        <line num="30" count="4" type="cond" truecount="2" falsecount="0"/>
        <line num="31" count="1" type="stmt"/>
        <line num="34" count="3" type="stmt"/>
        <line num="36" count="3" type="cond" truecount="4" falsecount="0"/>
        <line num="37" count="1" type="stmt"/>
        <line num="40" count="2" type="stmt"/>
        <line num="46" count="2" type="cond" truecount="4" falsecount="0"/>
        <line num="47" count="1" type="stmt"/>
        <line num="50" count="1" type="stmt"/>
        <line num="52" count="1" type="stmt"/>
        <line num="54" count="1" type="stmt"/>
        <line num="56" count="1" type="stmt"/>
        <line num="58" count="1" type="stmt"/>
      </file>
      <file name="WithdrawMoneyService.ts" path="/user/app/src/modules/transaction/services/WithdrawMoneyService.ts">
        <metrics statements="26" coveredstatements="26" conditionals="13" coveredconditionals="13" methods="3" coveredmethods="3"/>
        <line num="1" count="1" type="stmt"/>
        <line num="3" count="1" type="stmt"/>
        <line num="9" count="1" type="stmt"/>
        <line num="17" count="1" type="stmt"/>
        <line num="20" count="6" type="stmt"/>
        <line num="23" count="6" type="stmt"/>
        <line num="26" count="1" type="stmt"/>
        <line num="27" count="6" type="stmt"/>
        <line num="28" count="6" type="stmt"/>
        <line num="31" count="6" type="cond" truecount="1" falsecount="0"/>
        <line num="33" count="6" type="cond" truecount="4" falsecount="0"/>
        <line num="34" count="1" type="stmt"/>
        <line num="37" count="5" type="cond" truecount="2" falsecount="0"/>
        <line num="38" count="1" type="stmt"/>
        <line num="41" count="4" type="stmt"/>
        <line num="43" count="4" type="cond" truecount="2" falsecount="0"/>
        <line num="44" count="1" type="stmt"/>
        <line num="47" count="3" type="stmt"/>
        <line num="53" count="6" type="stmt"/>
        <line num="59" count="3" type="cond" truecount="4" falsecount="0"/>
        <line num="60" count="2" type="stmt"/>
        <line num="63" count="1" type="stmt"/>
        <line num="65" count="1" type="stmt"/>
        <line num="67" count="1" type="stmt"/>
        <line num="69" count="1" type="stmt"/>
        <line num="71" count="1" type="stmt"/>
      </file>
    </package>
  </project>
</coverage>
