{"/user/app/src/modules/account/services/GetAccountByIdService.ts": {"path":"/user/app/src/modules/account/services/GetAccountByIdService.ts","statementMap":{"0":{"start":{"line":1,"column":0},"end":{"line":1,"column":26}},"1":{"start":{"line":3,"column":0},"end":{"line":3,"column":46}},"2":{"start":{"line":6,"column":0},"end":{"line":6,"column":47}},"3":{"start":{"line":10,"column":0},"end":{"line":10,"column":6}},"4":{"start":{"line":13,"column":12},"end":{"line":13,"column":49}},"5":{"start":{"line":16,"column":15},"end":{"line":24,"column":null}},"6":{"start":{"line":17,"column":22},"end":{"line":17,"column":null}},"7":{"start":{"line":17,"column":12},"end":{"line":17,"column":null}},"8":{"start":{"line":19,"column":6},"end":{"line":21,"column":null}},"9":{"start":{"line":20,"column":8},"end":{"line":20,"column":56}},"10":{"start":{"line":23,"column":6},"end":{"line":23,"column":21}},"11":{"start":{"line":10,"column":6},"end":{"line":25,"column":null}},"12":{"start":{"line":25,"column":0},"end":{"line":25,"column":null}},"13":{"start":{"line":27,"column":0},"end":{"line":27,"column":37}}},"fnMap":{"0":{"name":"(anonymous_18)","decl":{"start":{"line":10,"column":0},"end":{"line":10,"column":6}},"loc":{"start":{"line":10,"column":0},"end":{"line":10,"column":6}}},"1":{"name":"GetAccountByIdService","decl":{"start":{"line":11,"column":2},"end":{"line":11,"column":null}},"loc":{"start":{"line":13,"column":49},"end":{"line":14,"column":6}}},"2":{"name":"(anonymous_20)","decl":{"start":{"line":16,"column":2},"end":{"line":16,"column":15}},"loc":{"start":{"line":16,"column":40},"end":{"line":24,"column":null}}}},"branchMap":{"0":{"loc":{"start":{"line":17,"column":22},"end":{"line":17,"column":null}},"type":"switch","locations":[{"start":{"line":17,"column":22},"end":{"line":17,"column":null}}]},"1":{"loc":{"start":{"line":19,"column":6},"end":{"line":21,"column":null}},"type":"if","locations":[{"start":{"line":19,"column":6},"end":{"line":21,"column":null}},{"start":{"line":19,"column":6},"end":{"line":21,"column":null}}]},"2":{"loc":{"start":{"line":19,"column":9},"end":{"line":19,"column":17}},"type":"binary-expr","locations":[{"start":{"line":19,"column":9},"end":{"line":19,"column":17}},{"start":{"line":19,"column":21},"end":{"line":19,"column":42}}]}},"s":{"0":1,"1":1,"2":1,"3":1,"4":2,"5":1,"6":3,"7":3,"8":3,"9":2,"10":1,"11":1,"12":1,"13":1},"f":{"0":1,"1":2,"2":3},"b":{"0":[3],"1":[2,1],"2":[3,1]}}
,"/user/app/src/modules/transaction/services/DepositMoneyService.ts": {"path":"/user/app/src/modules/transaction/services/DepositMoneyService.ts","statementMap":{"0":{"start":{"line":1,"column":0},"end":{"line":1,"column":26}},"1":{"start":{"line":3,"column":0},"end":{"line":3,"column":46}},"2":{"start":{"line":9,"column":0},"end":{"line":9,"column":47}},"3":{"start":{"line":17,"column":0},"end":{"line":17,"column":6}},"4":{"start":{"line":20,"column":12},"end":{"line":20,"column":59}},"5":{"start":{"line":23,"column":12},"end":{"line":23,"column":49}},"6":{"start":{"line":26,"column":15},"end":{"line":55,"column":null}},"7":{"start":{"line":27,"column":13},"end":{"line":27,"column":null}},"8":{"start":{"line":28,"column":9},"end":{"line":28,"column":null}},"9":{"start":{"line":30,"column":4},"end":{"line":32,"column":null}},"10":{"start":{"line":31,"column":6},"end":{"line":31,"column":62}},"11":{"start":{"line":34,"column":20},"end":{"line":34,"column":null}},"12":{"start":{"line":34,"column":10},"end":{"line":34,"column":null}},"13":{"start":{"line":36,"column":4},"end":{"line":38,"column":null}},"14":{"start":{"line":37,"column":6},"end":{"line":37,"column":49}},"15":{"start":{"line":40,"column":24},"end":{"line":44,"column":null}},"16":{"start":{"line":40,"column":10},"end":{"line":44,"column":null}},"17":{"start":{"line":46,"column":4},"end":{"line":48,"column":null}},"18":{"start":{"line":47,"column":6},"end":{"line":47,"column":63}},"19":{"start":{"line":50,"column":4},"end":{"line":50,"column":29}},"20":{"start":{"line":52,"column":4},"end":{"line":52,"column":41}},"21":{"start":{"line":54,"column":4},"end":{"line":54,"column":23}},"22":{"start":{"line":17,"column":6},"end":{"line":56,"column":null}},"23":{"start":{"line":56,"column":0},"end":{"line":56,"column":null}},"24":{"start":{"line":58,"column":0},"end":{"line":58,"column":35}}},"fnMap":{"0":{"name":"(anonymous_18)","decl":{"start":{"line":17,"column":0},"end":{"line":17,"column":6}},"loc":{"start":{"line":17,"column":0},"end":{"line":17,"column":6}}},"1":{"name":"DepositMoneyService","decl":{"start":{"line":18,"column":2},"end":{"line":18,"column":null}},"loc":{"start":{"line":23,"column":49},"end":{"line":24,"column":6}}},"2":{"name":"(anonymous_20)","decl":{"start":{"line":26,"column":2},"end":{"line":26,"column":15}},"loc":{"start":{"line":29,"column":28},"end":{"line":55,"column":null}}}},"branchMap":{"0":{"loc":{"start":{"line":30,"column":4},"end":{"line":32,"column":null}},"type":"if","locations":[{"start":{"line":30,"column":4},"end":{"line":32,"column":null}},{"start":{"line":30,"column":4},"end":{"line":32,"column":null}}]},"1":{"loc":{"start":{"line":36,"column":4},"end":{"line":38,"column":null}},"type":"if","locations":[{"start":{"line":36,"column":4},"end":{"line":38,"column":null}},{"start":{"line":36,"column":4},"end":{"line":38,"column":null}}]},"2":{"loc":{"start":{"line":36,"column":7},"end":{"line":36,"column":15}},"type":"binary-expr","locations":[{"start":{"line":36,"column":7},"end":{"line":36,"column":15}},{"start":{"line":36,"column":19},"end":{"line":36,"column":38}}]},"3":{"loc":{"start":{"line":46,"column":4},"end":{"line":48,"column":null}},"type":"if","locations":[{"start":{"line":46,"column":4},"end":{"line":48,"column":null}},{"start":{"line":46,"column":4},"end":{"line":48,"column":null}}]},"4":{"loc":{"start":{"line":46,"column":7},"end":{"line":46,"column":19}},"type":"binary-expr","locations":[{"start":{"line":46,"column":7},"end":{"line":46,"column":19}},{"start":{"line":46,"column":23},"end":{"line":46,"column":46}}]}},"s":{"0":1,"1":1,"2":1,"3":1,"4":4,"5":4,"6":1,"7":7,"8":7,"9":7,"10":2,"11":5,"12":5,"13":5,"14":2,"15":3,"16":3,"17":3,"18":2,"19":1,"20":1,"21":1,"22":1,"23":1,"24":1},"f":{"0":1,"1":4,"2":7},"b":{"0":[2,5],"1":[2,3],"2":[5,3],"3":[2,1],"4":[3,1]}}
,"/user/app/src/modules/transaction/services/WithdrawMoneyService.ts": {"path":"/user/app/src/modules/transaction/services/WithdrawMoneyService.ts","statementMap":{"0":{"start":{"line":1,"column":0},"end":{"line":1,"column":26}},"1":{"start":{"line":3,"column":0},"end":{"line":3,"column":46}},"2":{"start":{"line":9,"column":0},"end":{"line":9,"column":47}},"3":{"start":{"line":17,"column":0},"end":{"line":17,"column":6}},"4":{"start":{"line":20,"column":12},"end":{"line":20,"column":61}},"5":{"start":{"line":23,"column":12},"end":{"line":23,"column":49}},"6":{"start":{"line":26,"column":15},"end":{"line":71,"column":null}},"7":{"start":{"line":27,"column":13},"end":{"line":27,"column":null}},"8":{"start":{"line":28,"column":9},"end":{"line":28,"column":null}},"9":{"start":{"line":30,"column":4},"end":{"line":32,"column":null}},"10":{"start":{"line":31,"column":6},"end":{"line":31,"column":62}},"11":{"start":{"line":34,"column":20},"end":{"line":34,"column":null}},"12":{"start":{"line":34,"column":10},"end":{"line":34,"column":null}},"13":{"start":{"line":36,"column":4},"end":{"line":38,"column":null}},"14":{"start":{"line":37,"column":6},"end":{"line":37,"column":49}},"15":{"start":{"line":40,"column":4},"end":{"line":42,"column":null}},"16":{"start":{"line":41,"column":6},"end":{"line":41,"column":78}},"17":{"start":{"line":44,"column":10},"end":{"line":44,"column":39}},"18":{"start":{"line":46,"column":4},"end":{"line":48,"column":null}},"19":{"start":{"line":47,"column":6},"end":{"line":47,"column":53}},"20":{"start":{"line":50,"column":24},"end":{"line":54,"column":null}},"21":{"start":{"line":50,"column":10},"end":{"line":54,"column":null}},"22":{"start":{"line":56,"column":4},"end":{"line":60,"column":7}},"23":{"start":{"line":62,"column":4},"end":{"line":64,"column":null}},"24":{"start":{"line":63,"column":6},"end":{"line":63,"column":60}},"25":{"start":{"line":66,"column":4},"end":{"line":66,"column":37}},"26":{"start":{"line":68,"column":4},"end":{"line":68,"column":41}},"27":{"start":{"line":70,"column":4},"end":{"line":70,"column":23}},"28":{"start":{"line":17,"column":6},"end":{"line":72,"column":null}},"29":{"start":{"line":72,"column":0},"end":{"line":72,"column":null}},"30":{"start":{"line":74,"column":0},"end":{"line":74,"column":36}}},"fnMap":{"0":{"name":"(anonymous_18)","decl":{"start":{"line":17,"column":0},"end":{"line":17,"column":6}},"loc":{"start":{"line":17,"column":0},"end":{"line":17,"column":6}}},"1":{"name":"WithdrawMoneyService","decl":{"start":{"line":18,"column":2},"end":{"line":18,"column":null}},"loc":{"start":{"line":23,"column":49},"end":{"line":24,"column":6}}},"2":{"name":"(anonymous_20)","decl":{"start":{"line":26,"column":2},"end":{"line":26,"column":15}},"loc":{"start":{"line":29,"column":29},"end":{"line":71,"column":null}}}},"branchMap":{"0":{"loc":{"start":{"line":30,"column":4},"end":{"line":32,"column":null}},"type":"if","locations":[{"start":{"line":30,"column":4},"end":{"line":32,"column":null}},{"start":{"line":30,"column":4},"end":{"line":32,"column":null}}]},"1":{"loc":{"start":{"line":36,"column":4},"end":{"line":38,"column":null}},"type":"if","locations":[{"start":{"line":36,"column":4},"end":{"line":38,"column":null}},{"start":{"line":36,"column":4},"end":{"line":38,"column":null}}]},"2":{"loc":{"start":{"line":36,"column":7},"end":{"line":36,"column":15}},"type":"binary-expr","locations":[{"start":{"line":36,"column":7},"end":{"line":36,"column":15}},{"start":{"line":36,"column":19},"end":{"line":36,"column":38}}]},"3":{"loc":{"start":{"line":40,"column":4},"end":{"line":42,"column":null}},"type":"if","locations":[{"start":{"line":40,"column":4},"end":{"line":42,"column":null}},{"start":{"line":40,"column":4},"end":{"line":42,"column":null}}]},"4":{"loc":{"start":{"line":46,"column":4},"end":{"line":48,"column":null}},"type":"if","locations":[{"start":{"line":46,"column":4},"end":{"line":48,"column":null}},{"start":{"line":46,"column":4},"end":{"line":48,"column":null}}]},"5":{"loc":{"start":{"line":62,"column":4},"end":{"line":64,"column":null}},"type":"if","locations":[{"start":{"line":62,"column":4},"end":{"line":64,"column":null}},{"start":{"line":62,"column":4},"end":{"line":64,"column":null}}]},"6":{"loc":{"start":{"line":62,"column":7},"end":{"line":62,"column":19}},"type":"binary-expr","locations":[{"start":{"line":62,"column":7},"end":{"line":62,"column":19}},{"start":{"line":62,"column":23},"end":{"line":62,"column":46}}]}},"s":{"0":1,"1":1,"2":1,"3":1,"4":6,"5":6,"6":1,"7":11,"8":11,"9":11,"10":2,"11":9,"12":9,"13":9,"14":2,"15":7,"16":2,"17":5,"18":5,"19":2,"20":3,"21":3,"22":6,"23":3,"24":2,"25":1,"26":1,"27":1,"28":1,"29":1,"30":1},"f":{"0":1,"1":6,"2":11},"b":{"0":[2,9],"1":[2,7],"2":[9,7],"3":[2,5],"4":[2,3],"5":[2,1],"6":[3,1]}}
}
