TN:
SF:src/modules/account/services/GetAccountByIdService.ts
FN:10,(anonymous_18)
FN:11,GetAccountByIdService
FN:16,(anonymous_20)
FNF:3
FNH:3
FNDA:1,(anonymous_18)
FNDA:2,GetAccountByIdService
FNDA:2,(anonymous_20)
DA:1,1
DA:3,1
DA:6,1
DA:10,1
DA:13,2
DA:16,1
DA:17,2
DA:19,2
DA:20,1
DA:23,1
DA:25,1
DA:27,1
LF:12
LH:12
BRDA:17,0,0,2
BRDA:19,1,0,1
BRDA:19,1,1,1
BRDA:19,2,0,2
BRDA:19,2,1,1
BRF:5
BRH:5
end_of_record
TN:
SF:src/modules/transaction/services/DepositMoneyService.ts
FN:17,(anonymous_18)
FN:18,DepositMoneyService
FN:26,(anonymous_20)
FNF:3
FNH:3
FNDA:1,(anonymous_18)
FNDA:4,DepositMoneyService
FNDA:4,(anonymous_20)
DA:1,1
DA:3,1
DA:9,1
DA:17,1
DA:20,4
DA:23,4
DA:26,1
DA:27,4
DA:28,4
DA:30,4
DA:31,1
DA:34,3
DA:36,3
DA:37,1
DA:40,2
DA:46,2
DA:47,1
DA:50,1
DA:52,1
DA:54,1
DA:56,1
DA:58,1
LF:22
LH:22
BRDA:30,0,0,1
BRDA:30,0,1,3
BRDA:36,1,0,1
BRDA:36,1,1,2
BRDA:36,2,0,3
BRDA:36,2,1,2
BRDA:46,3,0,1
BRDA:46,3,1,1
BRDA:46,4,0,2
BRDA:46,4,1,1
BRF:10
BRH:10
end_of_record
TN:
SF:src/modules/transaction/services/WithdrawMoneyService.ts
FN:17,(anonymous_18)
FN:18,WithdrawMoneyService
FN:26,(anonymous_20)
FNF:3
FNH:3
FNDA:1,(anonymous_18)
FNDA:6,WithdrawMoneyService
FNDA:6,(anonymous_20)
DA:1,1
DA:3,1
DA:9,1
DA:17,1
DA:20,6
DA:23,6
DA:26,1
DA:27,6
DA:28,6
DA:31,6
DA:33,6
DA:34,1
DA:37,5
DA:38,1
DA:41,4
DA:43,4
DA:44,1
DA:47,3
DA:53,6
DA:59,3
DA:60,2
DA:63,1
DA:65,1
DA:67,1
DA:69,1
DA:71,1
LF:26
LH:26
BRDA:31,0,0,6
BRDA:33,1,0,1
BRDA:33,1,1,5
BRDA:33,2,0,6
BRDA:33,2,1,5
BRDA:37,3,0,1
BRDA:37,3,1,4
BRDA:43,4,0,1
BRDA:43,4,1,3
BRDA:59,5,0,2
BRDA:59,5,1,1
BRDA:59,6,0,3
BRDA:59,6,1,1
BRF:13
BRH:13
end_of_record
