TN:
SF:src/modules/account/services/GetAccountByIdService.ts
FN:10,(anonymous_18)
FN:11,GetAccountByIdService
FN:16,(anonymous_20)
FNF:3
FNH:3
FNDA:1,(anonymous_18)
FNDA:2,GetAccountByIdService
FNDA:3,(anonymous_20)
DA:1,1
DA:3,1
DA:6,1
DA:10,1
DA:13,2
DA:16,1
DA:17,3
DA:19,3
DA:20,2
DA:23,1
DA:25,1
DA:27,1
LF:12
LH:12
BRDA:17,0,0,3
BRDA:19,1,0,2
BRDA:19,1,1,1
BRDA:19,2,0,3
BRDA:19,2,1,1
BRF:5
BRH:5
end_of_record
TN:
SF:src/modules/transaction/services/DepositMoneyService.ts
FN:17,(anonymous_18)
FN:18,DepositMoneyService
FN:26,(anonymous_20)
FNF:3
FNH:3
FNDA:1,(anonymous_18)
FNDA:4,DepositMoneyService
FNDA:7,(anonymous_20)
DA:1,1
DA:3,1
DA:9,1
DA:17,1
DA:20,4
DA:23,4
DA:26,1
DA:27,7
DA:28,7
DA:30,7
DA:31,2
DA:34,5
DA:36,5
DA:37,2
DA:40,3
DA:46,3
DA:47,2
DA:50,1
DA:52,1
DA:54,1
DA:56,1
DA:58,1
LF:22
LH:22
BRDA:30,0,0,2
BRDA:30,0,1,5
BRDA:36,1,0,2
BRDA:36,1,1,3
BRDA:36,2,0,5
BRDA:36,2,1,3
BRDA:46,3,0,2
BRDA:46,3,1,1
BRDA:46,4,0,3
BRDA:46,4,1,1
BRF:10
BRH:10
end_of_record
TN:
SF:src/modules/transaction/services/WithdrawMoneyService.ts
FN:17,(anonymous_18)
FN:18,WithdrawMoneyService
FN:26,(anonymous_20)
FNF:3
FNH:3
FNDA:1,(anonymous_18)
FNDA:6,WithdrawMoneyService
FNDA:11,(anonymous_20)
DA:1,1
DA:3,1
DA:9,1
DA:17,1
DA:20,6
DA:23,6
DA:26,1
DA:27,11
DA:28,11
DA:30,11
DA:31,2
DA:34,9
DA:36,9
DA:37,2
DA:40,7
DA:41,2
DA:44,5
DA:46,5
DA:47,2
DA:50,3
DA:56,6
DA:62,3
DA:63,2
DA:66,1
DA:68,1
DA:70,1
DA:72,1
DA:74,1
LF:28
LH:28
BRDA:30,0,0,2
BRDA:30,0,1,9
BRDA:36,1,0,2
BRDA:36,1,1,7
BRDA:36,2,0,9
BRDA:36,2,1,7
BRDA:40,3,0,2
BRDA:40,3,1,5
BRDA:46,4,0,2
BRDA:46,4,1,3
BRDA:62,5,0,2
BRDA:62,5,1,1
BRDA:62,6,0,3
BRDA:62,6,1,1
BRF:14
BRH:14
end_of_record
